\BOOKMARK [1][-]{section.1}{\376\377\000E\000x\000e\000c\000u\000t\000i\000v\000e\000\040\000S\000u\000m\000m\000a\000r\000y}{}% 1
\BOOKMARK [1][-]{section.2}{\376\377\000B\000a\000c\000k\000g\000r\000o\000u\000n\000d\000\040\000a\000n\000d\000\040\000C\000o\000n\000t\000e\000x\000t}{}% 2
\BOOKMARK [1][-]{section.3}{\376\377\000O\000b\000j\000e\000c\000t\000i\000v\000e\000s\000\040\000a\000n\000d\000\040\000G\000o\000a\000l\000s}{}% 3
\BOOKMARK [1][-]{section.4}{\376\377\000P\000r\000o\000j\000e\000c\000t\000\040\000S\000c\000o\000p\000e}{}% 4
\BOOKMARK [1][-]{section.5}{\376\377\000R\000o\000l\000e\000s\000\040\000\046\000\040\000P\000e\000r\000m\000i\000s\000s\000i\000o\000n\000s}{}% 5
\BOOKMARK [2][-]{subsection.5.1}{\376\377\000A\000c\000c\000e\000s\000s\000\040\000C\000o\000n\000t\000r\000o\000l\000\040\000M\000o\000d\000e\000l\000\040\000O\000v\000e\000r\000v\000i\000e\000w}{section.5}% 6
\BOOKMARK [2][-]{subsection.5.2}{\376\377\000O\000r\000g\000a\000n\000i\000s\000a\000t\000i\000o\000n\000a\000l\000\040\000E\000n\000t\000i\000t\000i\000e\000s\000\040\000\046\000\040\000S\000c\000o\000p\000e\000\040\000S\000e\000m\000a\000n\000t\000i\000c\000s}{section.5}% 7
\BOOKMARK [2][-]{subsection.5.3}{\376\377\000R\000o\000l\000e\000s\000\040\000\050\000T\000e\000m\000p\000l\000a\000t\000e\000s\000\051}{section.5}% 8
\BOOKMARK [2][-]{subsection.5.4}{\376\377\000P\000e\000r\000m\000i\000s\000s\000i\000o\000n\000\040\000C\000a\000t\000a\000l\000o\000g\000u\000e\000\040\000\050\000D\000o\000t\000-\000N\000o\000t\000a\000t\000i\000o\000n\000\051}{section.5}% 9
\BOOKMARK [2][-]{subsection.5.5}{\376\377\000P\000e\000r\000m\000i\000s\000s\000i\000o\000n\000\040\000M\000a\000t\000r\000i\000x\000\040\000\050\000D\000e\000f\000a\000u\000l\000t\000\051}{section.5}% 10
\BOOKMARK [2][-]{subsection.5.6}{\376\377\000D\000e\000l\000e\000g\000a\000t\000i\000o\000n\000\040\000\046\000\040\000P\000r\000o\000v\000i\000s\000i\000o\000n\000i\000n\000g\000\040\000R\000u\000l\000e\000s}{section.5}% 11
\BOOKMARK [2][-]{subsection.5.7}{\376\377\000H\000i\000g\000h\000-\000R\000i\000s\000k\000\040\000A\000c\000t\000i\000o\000n\000s\000\040\000\050\000D\000u\000a\000l\000\040\000C\000o\000n\000t\000r\000o\000l\000\040\000\046\000\040\000S\000t\000e\000p\000-\000U\000p\000\040\000A\000u\000t\000h\000\051}{section.5}% 12
\BOOKMARK [2][-]{subsection.5.8}{\376\377\000P\000I\000I\000\040\000\046\000\040\000D\000a\000t\000a\000\040\000M\000a\000s\000k\000i\000n\000g}{section.5}% 13
\BOOKMARK [2][-]{subsection.5.9}{\376\377\000A\000u\000d\000i\000t\000\040\000L\000o\000g\000g\000i\000n\000g\000\040\000\050\000I\000m\000m\000u\000t\000a\000b\000l\000e\000\051}{section.5}% 14
\BOOKMARK [2][-]{subsection.5.10}{\376\377\000S\000e\000s\000s\000i\000o\000n\000\040\000S\000e\000c\000u\000r\000i\000t\000y}{section.5}% 15
\BOOKMARK [2][-]{subsection.5.11}{\376\377\000A\000P\000I\000\040\000E\000n\000f\000o\000r\000c\000e\000m\000e\000n\000t\000\040\000P\000a\000t\000t\000e\000r\000n}{section.5}% 16
\BOOKMARK [2][-]{subsection.5.12}{\376\377\000D\000a\000t\000a\000b\000a\000s\000e\000\040\000E\000n\000f\000o\000r\000c\000e\000m\000e\000n\000t\000\040\000\050\000P\000o\000s\000t\000g\000r\000e\000s\000\040\000R\000L\000S\000\051}{section.5}% 17
\BOOKMARK [2][-]{subsection.5.13}{\376\377\000F\000i\000e\000l\000d\000-\000L\000e\000v\000e\000l\000\040\000C\000o\000n\000s\000t\000r\000a\000i\000n\000t\000s}{section.5}% 18
\BOOKMARK [2][-]{subsection.5.14}{\376\377\000L\000o\000o\000k\000u\000p\000s\000\040\000\046\000\040\000M\000a\000n\000a\000g\000e\000d\000\040\000L\000i\000s\000t\000s}{section.5}% 19
\BOOKMARK [2][-]{subsection.5.15}{\376\377\000E\000x\000a\000m\000p\000l\000e\000s\000\040\000\050\000W\000o\000r\000k\000e\000d\000\051}{section.5}% 20
\BOOKMARK [2][-]{subsection.5.16}{\376\377\000P\000e\000r\000m\000i\000s\000s\000i\000o\000n\000s\000\040\000M\000a\000t\000r\000i\000x\000\040\000\050\000C\000S\000V\000\040\000f\000o\000r\000\040\000R\000e\000f\000e\000r\000e\000n\000c\000e\000\051}{section.5}% 21
\BOOKMARK [2][-]{subsection.5.17}{\376\377\000O\000p\000e\000r\000a\000t\000i\000o\000n\000a\000l\000\040\000C\000o\000n\000t\000r\000o\000l\000s}{section.5}% 22
\BOOKMARK [1][-]{section.6}{\376\377\000F\000u\000n\000c\000t\000i\000o\000n\000a\000l\000\040\000R\000e\000q\000u\000i\000r\000e\000m\000e\000n\000t\000s}{}% 23
\BOOKMARK [2][-]{subsection.6.1}{\376\377\000R\000e\000g\000i\000s\000t\000r\000y\000\040\000P\000o\000r\000t\000a\000l\000\040\000\050\000r\000e\000g\000i\000s\000t\000r\000y\000.\000<\000z\000o\000n\000e\000>\000.\000c\000e\000.\000c\000h\000u\000r\000c\000h\000\051}{section.6}% 24
\BOOKMARK [2][-]{subsection.6.2}{\376\377\000F\000i\000n\000a\000n\000c\000e\000\040\000P\000o\000r\000t\000a\000l\000\040\000\050\000f\000i\000n\000a\000n\000c\000e\000.\000<\000z\000o\000n\000e\000>\000.\000c\000e\000.\000c\000h\000u\000r\000c\000h\000\051}{section.6}% 25
\BOOKMARK [2][-]{subsection.6.3}{\376\377\000C\000e\000l\000l\000s\000\040\000P\000o\000r\000t\000a\000l\000\040\000\050\000c\000e\000l\000l\000s\000.\000<\000z\000o\000n\000e\000>\000.\000c\000e\000.\000c\000h\000u\000r\000c\000h\000\051}{section.6}% 26
\BOOKMARK [2][-]{subsection.6.4}{\376\377\000R\000e\000p\000o\000r\000t\000s\000\040\000P\000o\000r\000t\000a\000l\000\040\000\050\000r\000e\000p\000o\000r\000t\000s\000.\000<\000z\000o\000n\000e\000>\000.\000c\000e\000.\000c\000h\000u\000r\000c\000h\000\051}{section.6}% 27
\BOOKMARK [2][-]{subsection.6.5}{\376\377\000D\000a\000t\000a\000\040\000I\000m\000p\000o\000r\000t\000\040\000\046\000\040\000M\000i\000g\000r\000a\000t\000i\000o\000n}{section.6}% 28
\BOOKMARK [2][-]{subsection.6.6}{\376\377\000A\000u\000d\000i\000t\000\040\000\046\000\040\000L\000o\000g\000g\000i\000n\000g\000\040\000I\000n\000t\000e\000g\000r\000a\000t\000i\000o\000n}{section.6}% 29
\BOOKMARK [1][-]{section.7}{\376\377\000N\000o\000n\000-\000F\000u\000n\000c\000t\000i\000o\000n\000a\000l\000\040\000R\000e\000q\000u\000i\000r\000e\000m\000e\000n\000t\000s}{}% 30
\BOOKMARK [2][-]{subsection.7.1}{\376\377\000S\000e\000c\000u\000r\000i\000t\000y}{section.7}% 31
\BOOKMARK [2][-]{subsection.7.2}{\376\377\000P\000r\000i\000v\000a\000c\000y\000\040\000\046\000\040\000C\000o\000m\000p\000l\000i\000a\000n\000c\000e}{section.7}% 32
\BOOKMARK [2][-]{subsection.7.3}{\376\377\000R\000e\000l\000i\000a\000b\000i\000l\000i\000t\000y\000\040\000\046\000\040\000A\000v\000a\000i\000l\000a\000b\000i\000l\000i\000t\000y}{section.7}% 33
\BOOKMARK [2][-]{subsection.7.4}{\376\377\000P\000e\000r\000f\000o\000r\000m\000a\000n\000c\000e\000\040\000\046\000\040\000S\000c\000a\000l\000a\000b\000i\000l\000i\000t\000y}{section.7}% 34
\BOOKMARK [2][-]{subsection.7.5}{\376\377\000M\000a\000i\000n\000t\000a\000i\000n\000a\000b\000i\000l\000i\000t\000y\000\040\000\046\000\040\000E\000x\000t\000e\000n\000s\000i\000b\000i\000l\000i\000t\000y}{section.7}% 35
\BOOKMARK [2][-]{subsection.7.6}{\376\377\000U\000s\000a\000b\000i\000l\000i\000t\000y\000\040\000\046\000\040\000A\000c\000c\000e\000s\000s\000i\000b\000i\000l\000i\000t\000y}{section.7}% 36
\BOOKMARK [2][-]{subsection.7.7}{\376\377\000M\000o\000n\000i\000t\000o\000r\000i\000n\000g\000\040\000\046\000\040\000O\000b\000s\000e\000r\000v\000a\000b\000i\000l\000i\000t\000y}{section.7}% 37
\BOOKMARK [1][-]{section.8}{\376\377\000K\000P\000I\000s\000\040\000a\000n\000d\000\040\000S\000u\000c\000c\000e\000s\000s\000\040\000M\000e\000t\000r\000i\000c\000s}{}% 38
\BOOKMARK [2][-]{subsection.8.1}{\376\377\000O\000v\000e\000r\000v\000i\000e\000w}{section.8}% 39
\BOOKMARK [2][-]{subsection.8.2}{\376\377\000R\000e\000g\000i\000s\000t\000r\000y\000\040\000K\000P\000I\000s}{section.8}% 40
\BOOKMARK [2][-]{subsection.8.3}{\376\377\000F\000i\000n\000a\000n\000c\000e\000\040\000K\000P\000I\000s}{section.8}% 41
\BOOKMARK [2][-]{subsection.8.4}{\376\377\000C\000e\000l\000l\000s\000\040\000K\000P\000I\000s}{section.8}% 42
\BOOKMARK [2][-]{subsection.8.5}{\376\377\000R\000e\000p\000o\000r\000t\000s\000\040\000\046\000\040\000O\000v\000e\000r\000s\000i\000g\000h\000t\000\040\000K\000P\000I\000s}{section.8}% 43
\BOOKMARK [2][-]{subsection.8.6}{\376\377\000C\000r\000o\000s\000s\000-\000D\000o\000m\000a\000i\000n\000\040\000T\000e\000c\000h\000n\000i\000c\000a\000l\000\040\000K\000P\000I\000s}{section.8}% 44
\BOOKMARK [2][-]{subsection.8.7}{\376\377\000M\000e\000a\000s\000u\000r\000e\000m\000e\000n\000t\000\040\000\046\000\040\000M\000o\000n\000i\000t\000o\000r\000i\000n\000g}{section.8}% 45
\BOOKMARK [1][-]{section.9}{\376\377\000S\000y\000s\000t\000e\000m\000\040\000A\000r\000c\000h\000i\000t\000e\000c\000t\000u\000r\000e\000\040\000O\000v\000e\000r\000v\000i\000e\000w}{}% 46
\BOOKMARK [2][-]{subsection.9.1}{\376\377\000A\000r\000c\000h\000i\000t\000e\000c\000t\000u\000r\000e\000\040\000S\000u\000m\000m\000a\000r\000y}{section.9}% 47
\BOOKMARK [2][-]{subsection.9.2}{\376\377\000H\000i\000g\000h\000-\000L\000e\000v\000e\000l\000\040\000T\000o\000p\000o\000l\000o\000g\000y}{section.9}% 48
\BOOKMARK [2][-]{subsection.9.3}{\376\377\000B\000a\000c\000k\000e\000n\000d\000\040\000C\000o\000m\000p\000o\000n\000e\000n\000t\000s}{section.9}% 49
\BOOKMARK [2][-]{subsection.9.4}{\376\377\000D\000a\000t\000a\000\040\000a\000n\000d\000\040\000T\000e\000n\000a\000n\000c\000y\000\040\000M\000o\000d\000e\000l}{section.9}% 50
\BOOKMARK [2][-]{subsection.9.5}{\376\377\000D\000a\000t\000a\000\040\000F\000l\000o\000w\000s}{section.9}% 51
\BOOKMARK [2][-]{subsection.9.6}{\376\377\000R\000e\000p\000o\000r\000t\000i\000n\000g\000\040\000A\000r\000c\000h\000i\000t\000e\000c\000t\000u\000r\000e}{section.9}% 52
\BOOKMARK [2][-]{subsection.9.7}{\376\377\000S\000c\000a\000l\000a\000b\000i\000l\000i\000t\000y\000\040\000\046\000\040\000D\000e\000p\000l\000o\000y\000m\000e\000n\000t}{section.9}% 53
\BOOKMARK [2][-]{subsection.9.8}{\376\377\000O\000b\000s\000e\000r\000v\000a\000b\000i\000l\000i\000t\000y}{section.9}% 54
\BOOKMARK [2][-]{subsection.9.9}{\376\377\000E\000v\000o\000l\000u\000t\000i\000o\000n\000\040\000P\000a\000t\000h}{section.9}% 55
\BOOKMARK [2][-]{subsection.9.10}{\376\377\000K\000e\000y\000\040\000D\000e\000s\000i\000g\000n\000\040\000D\000e\000c\000i\000s\000i\000o\000n\000s}{section.9}% 56
\BOOKMARK [1][-]{section.10}{\376\377\000D\000a\000t\000a\000\040\000M\000o\000d\000e\000l}{}% 57
\BOOKMARK [2][-]{subsection.10.1}{\376\377\000H\000i\000g\000h\000-\000l\000e\000v\000e\000l\000\040\000E\000R\000D\000\040\000\050\000A\000S\000C\000I\000I\000\051}{section.10}% 58
\BOOKMARK [2][-]{subsection.10.2}{\376\377\000C\000o\000r\000e\000\040\000R\000e\000f\000e\000r\000e\000n\000c\000e\000\040\000a\000n\000d\000\040\000A\000c\000c\000e\000s\000s\000\040\000T\000a\000b\000l\000e\000s}{section.10}% 59
\BOOKMARK [2][-]{subsection.10.3}{\376\377\000R\000e\000g\000i\000s\000t\000r\000y\000\040\000D\000o\000m\000a\000i\000n}{section.10}% 60
\BOOKMARK [2][-]{subsection.10.4}{\376\377\000C\000e\000l\000l\000s\000\040\000D\000o\000m\000a\000i\000n}{section.10}% 61
\BOOKMARK [2][-]{subsection.10.5}{\376\377\000F\000i\000n\000a\000n\000c\000e\000\040\000D\000o\000m\000a\000i\000n}{section.10}% 62
\BOOKMARK [2][-]{subsection.10.6}{\376\377\000A\000u\000d\000i\000t\000,\000\040\000I\000m\000p\000o\000r\000t\000s\000,\000\040\000E\000x\000p\000o\000r\000t\000s}{section.10}% 63
\BOOKMARK [2][-]{subsection.10.7}{\376\377\000L\000o\000o\000k\000u\000p\000\040\000\046\000\040\000E\000n\000u\000m\000e\000r\000a\000t\000i\000o\000n\000s}{section.10}% 64
\BOOKMARK [2][-]{subsection.10.8}{\376\377\000R\000e\000p\000o\000r\000t\000i\000n\000g\000\040\000S\000u\000m\000m\000a\000r\000i\000e\000s\000\040\000\050\000f\000o\000r\000\040\000P\000e\000r\000f\000o\000r\000m\000a\000n\000c\000e\000\051}{section.10}% 65
\BOOKMARK [2][-]{subsection.10.9}{\376\377\000I\000n\000d\000e\000x\000i\000n\000g\000\040\000\046\000\040\000C\000o\000n\000s\000t\000r\000a\000i\000n\000t\000s\000\040\000G\000u\000i\000d\000e\000l\000i\000n\000e\000s}{section.10}% 66
\BOOKMARK [2][-]{subsection.10.10}{\376\377\000D\000a\000t\000a\000\040\000L\000i\000n\000e\000a\000g\000e\000\040\000f\000o\000r\000\040\000C\000e\000l\000l\000\040\000O\000f\000f\000e\000r\000i\000n\000g\000s}{section.10}% 67
\BOOKMARK [2][-]{subsection.10.11}{\376\377\000R\000L\000S\000\040\000E\000n\000f\000o\000r\000c\000e\000m\000e\000n\000t\000\040\000N\000o\000t\000e}{section.10}% 68
\BOOKMARK [2][-]{subsection.10.12}{\376\377\000N\000o\000t\000e\000s\000\040\000a\000n\000d\000\040\000E\000x\000t\000e\000n\000s\000i\000o\000n\000s}{section.10}% 69
\BOOKMARK [1][-]{section.11}{\376\377\000R\000e\000p\000o\000r\000t\000i\000n\000g\000\040\000R\000e\000q\000u\000i\000r\000e\000m\000e\000n\000t\000s}{}% 70
\BOOKMARK [2][-]{subsection.11.1}{\376\377\000P\000u\000r\000p\000o\000s\000e}{section.11}% 71
\BOOKMARK [2][-]{subsection.11.2}{\376\377\000G\000e\000n\000e\000r\000a\000l\000\040\000R\000e\000p\000o\000r\000t\000i\000n\000g\000\040\000P\000r\000i\000n\000c\000i\000p\000l\000e\000s}{section.11}% 72
\BOOKMARK [2][-]{subsection.11.3}{\376\377\000D\000a\000s\000h\000b\000o\000a\000r\000d\000s\000\040\000O\000v\000e\000r\000v\000i\000e\000w}{section.11}% 73
\BOOKMARK [2][-]{subsection.11.4}{\376\377\000S\000t\000a\000n\000d\000a\000r\000d\000\040\000R\000e\000p\000o\000r\000t\000s\000\040\000\050\000T\000a\000b\000u\000l\000a\000r\000\040\000E\000x\000p\000o\000r\000t\000s\000\051}{section.11}% 74
\BOOKMARK [2][-]{subsection.11.5}{\376\377\000D\000r\000i\000l\000l\000-\000D\000o\000w\000n\000\040\000H\000i\000e\000r\000a\000r\000c\000h\000i\000e\000s}{section.11}% 75
\BOOKMARK [2][-]{subsection.11.6}{\376\377\000S\000c\000h\000e\000d\000u\000l\000e\000d\000\040\000\046\000\040\000A\000u\000t\000o\000m\000a\000t\000e\000d\000\040\000R\000e\000p\000o\000r\000t\000s}{section.11}% 76
\BOOKMARK [2][-]{subsection.11.7}{\376\377\000D\000a\000t\000a\000\040\000S\000o\000u\000r\000c\000e\000s\000\040\000a\000n\000d\000\040\000V\000a\000l\000i\000d\000a\000t\000i\000o\000n\000\040\000R\000u\000l\000e\000s}{section.11}% 77
\BOOKMARK [2][-]{subsection.11.8}{\376\377\000P\000e\000r\000f\000o\000r\000m\000a\000n\000c\000e\000\040\000R\000e\000q\000u\000i\000r\000e\000m\000e\000n\000t\000s\000\040\000f\000o\000r\000\040\000R\000e\000p\000o\000r\000t\000s}{section.11}% 78
\BOOKMARK [2][-]{subsection.11.9}{\376\377\000R\000e\000p\000o\000r\000t\000\040\000A\000c\000c\000e\000s\000s\000\040\000\046\000\040\000A\000u\000d\000i\000t\000\040\000L\000o\000g\000g\000i\000n\000g}{section.11}% 79
\BOOKMARK [2][-]{subsection.11.10}{\376\377\000F\000u\000t\000u\000r\000e\000\040\000E\000x\000t\000e\000n\000s\000i\000o\000n\000s}{section.11}% 80
\BOOKMARK [1][-]{section.12}{\376\377\000U\000s\000e\000r\000\040\000J\000o\000u\000r\000n\000e\000y\000s\000\040\000a\000n\000d\000\040\000W\000o\000r\000k\000f\000l\000o\000w\000s}{}% 81
\BOOKMARK [2][-]{subsection.12.1}{\376\377\000O\000v\000e\000r\000v\000i\000e\000w}{section.12}% 82
\BOOKMARK [2][-]{subsection.12.2}{\376\377\000R\000e\000g\000i\000s\000t\000r\000y\000\040\000W\000o\000r\000k\000f\000l\000o\000w\000s}{section.12}% 83
\BOOKMARK [2][-]{subsection.12.3}{\376\377\000F\000i\000n\000a\000n\000c\000e\000\040\000W\000o\000r\000k\000f\000l\000o\000w\000s}{section.12}% 84
\BOOKMARK [2][-]{subsection.12.4}{\376\377\000C\000e\000l\000l\000s\000\040\000W\000o\000r\000k\000f\000l\000o\000w\000s}{section.12}% 85
\BOOKMARK [2][-]{subsection.12.5}{\376\377\000R\000e\000p\000o\000r\000t\000s\000\040\000P\000o\000r\000t\000a\000l\000\040\000W\000o\000r\000k\000f\000l\000o\000w\000s}{section.12}% 86
\BOOKMARK [2][-]{subsection.12.6}{\376\377\000A\000d\000m\000i\000n\000i\000s\000t\000r\000a\000t\000i\000v\000e\000\040\000W\000o\000r\000k\000f\000l\000o\000w\000s}{section.12}% 87
\BOOKMARK [2][-]{subsection.12.7}{\376\377\000W\000o\000r\000k\000f\000l\000o\000w\000\040\000C\000o\000n\000s\000i\000s\000t\000e\000n\000c\000y\000\040\000R\000u\000l\000e\000s}{section.12}% 88
\BOOKMARK [1][-]{section.13}{\376\377\000R\000i\000s\000k\000s\000\040\000a\000n\000d\000\040\000A\000s\000s\000u\000m\000p\000t\000i\000o\000n\000s}{}% 89
\BOOKMARK [2][-]{subsection.13.1}{\376\377\000P\000r\000o\000j\000e\000c\000t\000\040\000A\000s\000s\000u\000m\000p\000t\000i\000o\000n\000s}{section.13}% 90
\BOOKMARK [2][-]{subsection.13.2}{\376\377\000P\000r\000o\000j\000e\000c\000t\000\040\000R\000i\000s\000k\000s\000\040\000a\000n\000d\000\040\000M\000i\000t\000i\000g\000a\000t\000i\000o\000n\000\040\000S\000t\000r\000a\000t\000e\000g\000i\000e\000s}{section.13}% 91
\BOOKMARK [2][-]{subsection.13.3}{\376\377\000T\000e\000c\000h\000n\000i\000c\000a\000l\000\040\000R\000i\000s\000k\000s}{section.13}% 92
\BOOKMARK [2][-]{subsection.13.4}{\376\377\000O\000p\000e\000r\000a\000t\000i\000o\000n\000a\000l\000\040\000R\000i\000s\000k\000s}{section.13}% 93
\BOOKMARK [2][-]{subsection.13.5}{\376\377\000R\000e\000s\000i\000d\000u\000a\000l\000\040\000R\000i\000s\000k\000\040\000S\000t\000a\000t\000e\000m\000e\000n\000t}{section.13}% 94
\BOOKMARK [1][-]{appendix.A}{\376\377\000A\000p\000p\000e\000n\000d\000i\000c\000e\000s}{}% 95
\BOOKMARK [2][-]{subsection.A.1}{\376\377\000A\000.\000\040\000G\000l\000o\000s\000s\000a\000r\000y\000\040\000o\000f\000\040\000T\000e\000r\000m\000s}{appendix.A}% 96
\BOOKMARK [2][-]{subsection.A.2}{\376\377\000B\000.\000\040\000E\000n\000u\000m\000e\000r\000a\000t\000i\000o\000n\000s\000\040\000a\000n\000d\000\040\000L\000o\000o\000k\000u\000p\000\040\000T\000a\000b\000l\000e\000s}{appendix.A}% 97
\BOOKMARK [2][-]{subsection.A.3}{\376\377\000C\000.\000\040\000E\000x\000a\000m\000p\000l\000e\000\040\000I\000m\000p\000o\000r\000t\000\040\000T\000e\000m\000p\000l\000a\000t\000e\000\040\000F\000i\000e\000l\000d\000s}{appendix.A}% 98
\BOOKMARK [2][-]{subsection.A.4}{\376\377\000D\000.\000\040\000K\000e\000y\000\040\000P\000e\000r\000f\000o\000r\000m\000a\000n\000c\000e\000\040\000I\000n\000d\000i\000c\000a\000t\000o\000r\000\040\000R\000e\000f\000e\000r\000e\000n\000c\000e}{appendix.A}% 99
\BOOKMARK [2][-]{subsection.A.5}{\376\377\000E\000.\000\040\000R\000e\000f\000e\000r\000e\000n\000c\000e\000\040\000L\000i\000n\000k\000s\000\040\000\050\000E\000x\000t\000e\000r\000n\000a\000l\000\051}{appendix.A}% 100
